This file contains any messages produced by compilers while
running configure, to aid debugging if configure makes a mistake.

It was created by configure, which was
generated by GNU Autoconf 2.59.  Invocation command line was

  $ ./configure 

## --------- ##
## Platform. ##
## --------- ##

hostname = Thinkpad-VirtualBox
uname -m = i686
uname -r = 2.6.38-8-generic
uname -s = Linux
uname -v = #42-Ubuntu SMP Mon Apr 11 03:31:50 UTC 2011

/usr/bin/uname -p = unknown
/bin/uname -X     = unknown

/bin/arch              = unknown
/usr/bin/arch -k       = unknown
/usr/convex/getsysinfo = unknown
hostinfo               = unknown
/bin/machine           = unknown
/usr/bin/oslevel       = unknown
/bin/universe          = unknown

PATH: /home/kozaki/.nave/installed/0.4.7/bin
PATH: /home/kozaki/.rvm/gems/ruby-1.9.2-p180/bin
PATH: /home/kozaki/.rvm/gems/ruby-1.9.2-p180@global/bin
PATH: /home/kozaki/.rvm/rubies/ruby-1.9.2-p180/bin
PATH: /home/kozaki/.rvm/bin
PATH: /home/kozaki/bin
PATH: /usr/local/sbin
PATH: /usr/local/bin
PATH: /usr/sbin
PATH: /usr/bin
PATH: /sbin
PATH: /bin
PATH: /usr/games


## ----------- ##
## Core tests. ##
## ----------- ##

configure:1269: checking for a BSD-compatible install
configure:1324: result: /usr/bin/install -c
configure:1335: checking whether build environment is sane
configure:1378: result: yes
configure:1411: checking for gawk
configure:1440: result: no
configure:1411: checking for mawk
configure:1427: found /usr/bin/mawk
configure:1437: result: mawk
configure:1447: checking whether make sets $(MAKE)
configure:1467: result: yes
configure:1651: checking for xemacs
configure:1678: result: emacs
configure:1704: checking for emacs
configure:1730: result: emacs
configure:1743: checking where .elc files should go
configure:1753: $EMACS -batch -q -eval '(while load-path (princ (concat (car load-path) "\n")) (setq load-path (cdr load-path)))' </dev/null >conftest.out
Loading 00debian-vars...
No /etc/mailname. Reverting to default...
Loading /etc/emacs/site-start.d/20apel.el (source)...
Loading /etc/emacs/site-start.d/50ddskk.el (source)...
Loading /etc/emacs/site-start.d/50dictionaries-common.el (source)...
Loading debian-ispell...
Loading /var/cache/dictionaries-common/emacsen-ispell-default.el (source)...
Loading /var/cache/dictionaries-common/emacsen-ispell-dicts.el (source)...
Loading /etc/emacs/site-start.d/50flim.el (source)...
Loading /etc/emacs/site-start.d/50magit.el (source)...
Loading /etc/emacs/site-start.d/50sdic.el (source)...
Loading /etc/emacs/site-start.d/50w3m-el.el (source)...
configure:1756: $? = 0
configure:1769: result: ${datadir}/emacs/site-lisp
configure:1780: checking for emacs version
emacs -batch -eval (let ((x (and (boundp 'emacs-major-version) (format "%d.%d" emacs-major-version emacs-minor-version)))) (write-region (if (stringp x) (princ x) (prin1-to-string x)) nil "./conftest-10697"))
Loading 00debian-vars...
No /etc/mailname. Reverting to default...
Loading /etc/emacs/site-start.d/20apel.el (source)...
Loading /etc/emacs/site-start.d/50ddskk.el (source)...
Loading /etc/emacs/site-start.d/50dictionaries-common.el (source)...
Loading debian-ispell...
Loading /var/cache/dictionaries-common/emacsen-ispell-default.el (source)...
Loading /var/cache/dictionaries-common/emacsen-ispell-dicts.el (source)...
Loading /etc/emacs/site-start.d/50flim.el (source)...
Loading /etc/emacs/site-start.d/50magit.el (source)...
Loading /etc/emacs/site-start.d/50sdic.el (source)...
Loading /etc/emacs/site-start.d/50w3m-el.el (source)...
=> 23.2
configure:1811: result: 23.2
configure:1950: creating ./config.status

## ---------------------- ##
## Running config.status. ##
## ---------------------- ##

This file was extended by config.status, which was
generated by GNU Autoconf 2.59.  Invocation command line was

  CONFIG_FILES    = 
  CONFIG_HEADERS  = 
  CONFIG_LINKS    = 
  CONFIG_COMMANDS = 
  $ ./config.status 

on Thinkpad-VirtualBox

config.status:690: creating Makefile

## ---------------- ##
## Cache variables. ##
## ---------------- ##

EMACS_cv_SYS_version=23.2
ac_cv_env_build_alias_set=
ac_cv_env_build_alias_value=
ac_cv_env_host_alias_set=
ac_cv_env_host_alias_value=
ac_cv_env_target_alias_set=
ac_cv_env_target_alias_value=
ac_cv_path_install='/usr/bin/install -c'
ac_cv_prog_AWK=mawk
ac_cv_prog_EMACS=emacs
ac_cv_prog_make_make_set=yes
am_cv_lispdir='${datadir}/emacs/site-lisp'

## ----------------- ##
## Output variables. ##
## ----------------- ##

ACLOCAL='${SHELL} /home/kozaki/.emacs.d/lisp/mmm-mode/missing --run aclocal-1.7'
AMTAR='${SHELL} /home/kozaki/.emacs.d/lisp/mmm-mode/missing --run tar'
AUTOCONF='${SHELL} /home/kozaki/.emacs.d/lisp/mmm-mode/missing --run autoconf'
AUTOHEADER='${SHELL} /home/kozaki/.emacs.d/lisp/mmm-mode/missing --run autoheader'
AUTOMAKE='${SHELL} /home/kozaki/.emacs.d/lisp/mmm-mode/missing --run automake-1.7'
AWK='mawk'
CYGPATH_W='echo'
DEFS='-DPACKAGE_NAME=\"\" -DPACKAGE_TARNAME=\"\" -DPACKAGE_VERSION=\"\" -DPACKAGE_STRING=\"\" -DPACKAGE_BUGREPORT=\"\" -DPACKAGE=\"mmm-mode\" -DVERSION=\"0.4.8\" '
ECHO_C=''
ECHO_N='-n'
ECHO_T=''
EMACS='emacs'
EMACS_VERSION='23.2'
INSTALL_DATA='${INSTALL} -m 644'
INSTALL_PROGRAM='${INSTALL}'
INSTALL_SCRIPT='${INSTALL}'
INSTALL_STRIP_PROGRAM='${SHELL} $(install_sh) -c -s'
LIBOBJS=''
LIBS=''
LTLIBOBJS=''
MAKEINFO='${SHELL} /home/kozaki/.emacs.d/lisp/mmm-mode/missing --run makeinfo'
PACKAGE='mmm-mode'
PACKAGE_BUGREPORT=''
PACKAGE_NAME=''
PACKAGE_STRING=''
PACKAGE_TARNAME=''
PACKAGE_VERSION=''
PATH_SEPARATOR=':'
SET_MAKE=''
SHELL='/bin/bash'
STRIP=''
VERSION='0.4.8'
ac_ct_STRIP=''
am__leading_dot='.'
bindir='${exec_prefix}/bin'
build_alias=''
datadir='${prefix}/share'
exec_prefix='${prefix}'
host_alias=''
includedir='${prefix}/include'
infodir='${prefix}/info'
install_sh='/home/kozaki/.emacs.d/lisp/mmm-mode/install-sh'
libdir='${exec_prefix}/lib'
libexecdir='${exec_prefix}/libexec'
lispdir='${datadir}/emacs/site-lisp'
localstatedir='${prefix}/var'
mandir='${prefix}/man'
oldincludedir='/usr/include'
prefix='/usr/local'
program_transform_name='s,x,x,'
sbindir='${exec_prefix}/sbin'
sharedstatedir='${prefix}/com'
sysconfdir='${prefix}/etc'
target_alias=''

## ----------- ##
## confdefs.h. ##
## ----------- ##

#define PACKAGE "mmm-mode"
#define PACKAGE_BUGREPORT ""
#define PACKAGE_NAME ""
#define PACKAGE_STRING ""
#define PACKAGE_TARNAME ""
#define PACKAGE_VERSION ""
#define VERSION "0.4.8"

configure: exit 0
